<?xml version="1.0" encoding="UTF-8"?>
<testsuite xmlns:xsi="http://www.w3.org/2001/XMLSchema-instance" xsi:noNamespaceSchemaLocation="https://maven.apache.org/surefire/maven-surefire-plugin/xsd/surefire-test-report-3.0.xsd" version="3.0" name="org.cucumber.stepDefinitions.RegressionTest" time="85.025" tests="9" errors="0" skipped="0" failures="0">
  <properties>
[...]
</properties>
  <testcase name="Enter two valid numbers, click ‘Sum’, wait for the result and check if the result is correct" classname="feature to test ajax functionality" time="13.414">
    <system-out><![CDATA[2.0 + 2.0 = 4.0
]]></system-out>
    <system-err><![CDATA[мар. 31, 2022 11:45:15 AM org.openqa.selenium.remote.tracing.opentelemetry.OpenTelemetryTracer createTracer
INFO: Using OpenTelemetry for tracing
мар. 31, 2022 11:45:18 AM org.openqa.selenium.remote.ProtocolHandshake createSession
INFO: Detected dialect: W3C
]]></system-err>
  </testcase>
  <testcase name="Enter one valid number and one string (not a number), click ‘Sum’, wait for the result, and verify that the message ‘Incorrect data’ appears" classname="feature to test ajax functionality" time="11.835">
    <system-err><![CDATA[мар. 31, 2022 11:45:30 AM org.openqa.selenium.remote.ProtocolHandshake createSession
INFO: Detected dialect: W3C
]]></system-err>
  </testcase>
  <testcase name="Create a new application without images. Verify that it is displayed correctly and can be downloaded." classname="feature to test applications functionality" time="8.669">
    <system-err><![CDATA[мар. 31, 2022 11:45:42 AM org.openqa.selenium.remote.ProtocolHandshake createSession
INFO: Detected dialect: W3C
]]></system-err>
  </testcase>
  <testcase name="Edit an application without images, and verify that the changes were applied." classname="feature to test applications functionality" time="7.859">
    <system-err><![CDATA[мар. 31, 2022 11:45:50 AM org.openqa.selenium.remote.ProtocolHandshake createSession
INFO: Detected dialect: W3C
]]></system-err>
  </testcase>
  <testcase name="Create a new application with an image and icon" classname="feature to test applications functionality" time="8.176">
    <system-err><![CDATA[мар. 31, 2022 11:45:58 AM org.openqa.selenium.remote.ProtocolHandshake createSession
INFO: Detected dialect: W3C
]]></system-err>
  </testcase>
  <testcase name="Delete an application and verify that it has been removed" classname="feature to test applications functionality" time="7.908">
    <system-err><![CDATA[мар. 31, 2022 11:46:06 AM org.openqa.selenium.remote.ProtocolHandshake createSession
INFO: Detected dialect: W3C
]]></system-err>
  </testcase>
  <testcase name="confirm text on page" classname="feature to test applications functionality" time="9.273">
    <system-out><![CDATA[Details method: DetailsPage{title='Application Fun 1', description='Description: Just a sample description for this application [Application Fun 1]', category='Category: Fun', author='Author: admin', numberOfDownloads=0}
Json method: DetailsPage{title='Application Fun 1', description='Description: Just a sample description for this application [Application Fun 1]', category='Category: Fun', author='Author: admin', numberOfDownloads=0}
]]></system-out>
    <system-err><![CDATA[мар. 31, 2022 11:46:14 AM org.openqa.selenium.remote.ProtocolHandshake createSession
INFO: Detected dialect: W3C
]]></system-err>
  </testcase>
  <testcase name="Create an application, and download it many times" classname="feature to test applications functionality" time="9.71">
    <system-err><![CDATA[мар. 31, 2022 11:46:24 AM org.openqa.selenium.remote.ProtocolHandshake createSession
INFO: Detected dialect: W3C
]]></system-err>
  </testcase>
  <testcase name="Get the coordinates of the jumping div (with a red border and the text ‘Find me !’ inside)." classname="feature to test js functionality" time="8.026">
    <system-out><![CDATA[check is Alert displayed
]]></system-out>
    <system-err><![CDATA[мар. 31, 2022 11:46:33 AM org.openqa.selenium.remote.ProtocolHandshake createSession
INFO: Detected dialect: W3C
]]></system-err>
  </testcase>
</testsuite>